<?xml version="1.0" encoding="UTF-8"?>
<testng-results skipped="0" failed="0" ignored="0" total="2" passed="2">
  <reporter-output>
  </reporter-output>
  <suite name="Default suite" duration-ms="18518" started-at="2022-08-13T00:42:14 IST" finished-at="2022-08-13T00:42:32 IST">
    <groups>
    </groups>
    <test name="Default test" duration-ms="18518" started-at="2022-08-13T00:42:14 IST" finished-at="2022-08-13T00:42:32 IST">
      <class name="automategoodreads.Testgoodreads">
        <test-method status="PASS" signature="beforeTest()[pri:0, instance:automategoodreads.Testgoodreads@12cdcf4]" name="beforeTest" is-config="true" duration-ms="9459" started-at="2022-08-13T00:42:14 IST" finished-at="2022-08-13T00:42:23 IST">
          <reporter-output>
          </reporter-output>
        </test-method> <!-- beforeTest -->
        <test-method status="PASS" signature="ByEmail()[pri:0, instance:automategoodreads.Testgoodreads@12cdcf4]" name="ByEmail" duration-ms="3984" started-at="2022-08-13T00:42:23 IST" finished-at="2022-08-13T00:42:27 IST">
          <reporter-output>
          </reporter-output>
        </test-method> <!-- ByEmail -->
        <test-method status="PASS" signature="ByFb()[pri:0, instance:automategoodreads.Testgoodreads@12cdcf4]" name="ByFb" duration-ms="2" started-at="2022-08-13T00:42:27 IST" finished-at="2022-08-13T00:42:27 IST">
          <reporter-output>
          </reporter-output>
        </test-method> <!-- ByFb -->
        <test-method status="PASS" signature="afterTest()[pri:0, instance:automategoodreads.Testgoodreads@12cdcf4]" name="afterTest" is-config="true" duration-ms="5002" started-at="2022-08-13T00:42:27 IST" finished-at="2022-08-13T00:42:32 IST">
          <reporter-output>
          </reporter-output>
        </test-method> <!-- afterTest -->
      </class> <!-- automategoodreads.Testgoodreads -->
    </test> <!-- Default test -->
  </suite> <!-- Default suite -->
</testng-results>
