<?xml version="1.0" encoding="UTF-8"?>
<testng-results skipped="0" failed="0" ignored="1" total="2" passed="1">
  <reporter-output>
  </reporter-output>
  <suite name="Default suite" duration-ms="45242" started-at="2022-08-15T13:45:33 IST" finished-at="2022-08-15T13:46:18 IST">
    <groups>
    </groups>
    <test name="Default test" duration-ms="45242" started-at="2022-08-15T13:45:33 IST" finished-at="2022-08-15T13:46:18 IST">
      <class name="automategoodreads.Testgoodreads">
        <test-method status="PASS" signature="beforeTest()[pri:0, instance:automategoodreads.Testgoodreads@7b02881e]" name="beforeTest" is-config="true" duration-ms="17611" started-at="2022-08-15T13:45:33 IST" finished-at="2022-08-15T13:45:50 IST">
          <reporter-output>
          </reporter-output>
        </test-method> <!-- beforeTest -->
        <test-method status="PASS" signature="Signinemail()[pri:0, instance:automategoodreads.Testgoodreads@7b02881e]" name="Signinemail" duration-ms="27435" started-at="2022-08-15T13:45:50 IST" finished-at="2022-08-15T13:46:18 IST">
          <reporter-output>
          </reporter-output>
        </test-method> <!-- Signinemail -->
        <test-method status="PASS" signature="afterTest()[pri:0, instance:automategoodreads.Testgoodreads@7b02881e]" name="afterTest" is-config="true" duration-ms="0" started-at="2022-08-15T13:46:18 IST" finished-at="2022-08-15T13:46:18 IST">
          <reporter-output>
          </reporter-output>
        </test-method> <!-- afterTest -->
      </class> <!-- automategoodreads.Testgoodreads -->
    </test> <!-- Default test -->
  </suite> <!-- Default suite -->
</testng-results>
