<?xml version="1.0" encoding="UTF-8"?>
<!-- Generated by org.testng.reporters.JUnitXMLReporter -->
<testsuite hostname="DESKTOP-H62DAKF" ignored="1" name="Default test" tests="1" failures="0" timestamp="2022-08-15T13:46:18 IST" time="45.242" errors="0">
  <testcase name="Signinemail" time="27.435" classname="automategoodreads.Testgoodreads"/>
  <testcase name="ByEmail" time="0.0" classname="automategoodreads.Testgoodreads">
    <ignored/>
  </testcase> <!-- ByEmail -->
</testsuite> <!-- Default test -->
